
INFO  03:17:31 Application started. Press Ctrl+C to shut down.
INFO  03:17:31 Application started. Press Ctrl+C to shut down.
INFO  03:17:31 Hosting environment: Development
INFO  03:17:31 Hosting environment: Development
INFO  03:17:31 Content root path: C:\Users\HARSHA\Source\Repos\AuthService\AuthService
INFO  03:17:31 Content root path: C:\Users\HARSHA\Source\Repos\AuthService\AuthService
INFO  03:18:15 Authentication initiated
INFO  03:18:19 Token Generation initiated
INFO  06:27:38 Application started. Press Ctrl+C to shut down.
INFO  06:27:38 Application started. Press Ctrl+C to shut down.
INFO  06:27:38 Hosting environment: Development
INFO  06:27:38 Hosting environment: Development
INFO  06:27:38 Content root path: C:\Users\HARSHA\Source\Repos\AuthService\AuthService
INFO  06:27:38 Content root path: C:\Users\HARSHA\Source\Repos\AuthService\AuthService
INFO  06:28:46 Application started. Press Ctrl+C to shut down.
INFO  06:28:46 Application started. Press Ctrl+C to shut down.
INFO  06:28:46 Hosting environment: Development
INFO  06:28:46 Hosting environment: Development
INFO  06:28:46 Content root path: C:\Users\HARSHA\Source\Repos\AuthService\AuthService
INFO  06:28:46 Content root path: C:\Users\HARSHA\Source\Repos\AuthService\AuthService
INFO  06:29:42 Application started. Press Ctrl+C to shut down.
INFO  06:29:42 Application started. Press Ctrl+C to shut down.
INFO  06:29:42 Hosting environment: Development
INFO  06:29:42 Hosting environment: Development
INFO  06:29:42 Content root path: C:\Users\HARSHA\Source\Repos\AuthService\AuthService
INFO  06:29:42 Content root path: C:\Users\HARSHA\Source\Repos\AuthService\AuthService
INFO  06:38:45 Application started. Press Ctrl+C to shut down.
INFO  06:38:45 Application started. Press Ctrl+C to shut down.
INFO  06:38:45 Hosting environment: Development
INFO  06:38:45 Hosting environment: Development
INFO  06:38:45 Content root path: C:\Users\HARSHA\Source\Repos\AuthService\AuthService
INFO  06:38:45 Content root path: C:\Users\HARSHA\Source\Repos\AuthService\AuthService
INFO  01:00:09 Application started. Press Ctrl+C to shut down.
INFO  01:00:09 Application started. Press Ctrl+C to shut down.
INFO  01:00:09 Hosting environment: Development
INFO  01:00:09 Hosting environment: Development
INFO  01:00:09 Content root path: C:\Users\HARSHA\Source\Repos\AuthService\AuthService
INFO  01:00:09 Content root path: C:\Users\HARSHA\Source\Repos\AuthService\AuthService
INFO  04:18:48 Application started. Press Ctrl+C to shut down.
INFO  04:18:48 Application started. Press Ctrl+C to shut down.
INFO  04:18:48 Hosting environment: Development
INFO  04:18:48 Hosting environment: Development
INFO  04:18:48 Content root path: C:\Users\HARSHA\Source\Repos\AuthService\AuthService
INFO  04:18:48 Content root path: C:\Users\HARSHA\Source\Repos\AuthService\AuthService
INFO  05:15:11 Authentication initiated
INFO  05:15:20 Token Generation initiated
INFO  05:18:34 Authentication initiated
INFO  05:18:34 Token Generation initiated
INFO  05:26:42 Authentication initiated
INFO  05:26:43 Token Generation initiated
INFO  07:29:36 Application started. Press Ctrl+C to shut down.
INFO  07:29:36 Application started. Press Ctrl+C to shut down.
INFO  07:29:36 Hosting environment: Development
INFO  07:29:36 Hosting environment: Development
INFO  07:29:36 Content root path: C:\Users\HARSHA\Source\Repos\AuthService\AuthService
INFO  07:29:36 Content root path: C:\Users\HARSHA\Source\Repos\AuthService\AuthService
INFO  07:32:10 Authentication initiated
INFO  07:32:26 Token Generation initiated
INFO  07:43:39 Authentication initiated
INFO  07:43:39 Token Generation initiated
INFO  07:46:57 Authentication initiated
INFO  07:46:57 Token Generation initiated
INFO  07:54:30 Authentication initiated
INFO  07:54:30 Token Generation initiated
INFO  09:02:50 Authentication initiated
INFO  09:02:50 Token Generation initiated
INFO  09:09:22 Authentication initiated
INFO  09:09:22 Token Generation initiated
INFO  09:14:30 Authentication initiated
INFO  09:14:30 Token Generation initiated
INFO  09:16:51 Authentication initiated
INFO  09:16:51 Token Generation initiated
INFO  09:19:16 Authentication initiated
INFO  09:19:17 Token Generation initiated
